2022-08-25 11:30:13.445  INFO 3848 --- [restartedMain] com.mb.BigBaketApplication               : Starting BigBaketApplication using Java 11.0.16 on mindbowser-Latitude-E7450 with PID 3848 (/home/mindbowser/Documents/workspace-sts-3.9.10.RELEASE/BigBaket/target/classes started by mindbowser in /home/mindbowser/Documents/workspace-sts-3.9.10.RELEASE/BigBaket)
2022-08-25 11:30:13.452  INFO 3848 --- [restartedMain] com.mb.BigBaketApplication               : No active profile set, falling back to 1 default profile: "default"
2022-08-25 11:30:13.513  INFO 3848 --- [restartedMain] .e.DevToolsPropertyDefaultsPostProcessor : Devtools property defaults active! Set 'spring.devtools.add-properties' to 'false' to disable
2022-08-25 11:30:13.514  INFO 3848 --- [restartedMain] .e.DevToolsPropertyDefaultsPostProcessor : For additional web related logging consider setting the 'logging.level.web' property to 'DEBUG'
2022-08-25 11:30:14.311  INFO 3848 --- [restartedMain] .s.d.r.c.RepositoryConfigurationDelegate : Bootstrapping Spring Data JPA repositories in DEFAULT mode.
2022-08-25 11:30:14.359  INFO 3848 --- [restartedMain] .s.d.r.c.RepositoryConfigurationDelegate : Finished Spring Data repository scanning in 40 ms. Found 3 JPA repository interfaces.
2022-08-25 11:30:15.108  INFO 3848 --- [restartedMain] o.s.b.w.embedded.tomcat.TomcatWebServer  : Tomcat initialized with port(s): 8080 (http)
2022-08-25 11:30:15.115  INFO 3848 --- [restartedMain] o.apache.catalina.core.StandardService   : Starting service [Tomcat]
2022-08-25 11:30:15.116  INFO 3848 --- [restartedMain] org.apache.catalina.core.StandardEngine  : Starting Servlet engine: [Apache Tomcat/9.0.65]
2022-08-25 11:30:15.170  INFO 3848 --- [restartedMain] o.a.c.c.C.[Tomcat].[localhost].[/]       : Initializing Spring embedded WebApplicationContext
2022-08-25 11:30:15.170  INFO 3848 --- [restartedMain] w.s.c.ServletWebServerApplicationContext : Root WebApplicationContext: initialization completed in 1656 ms
2022-08-25 11:30:15.425  INFO 3848 --- [restartedMain] o.hibernate.jpa.internal.util.LogHelper  : HHH000204: Processing PersistenceUnitInfo [name: default]
2022-08-25 11:30:15.493  INFO 3848 --- [restartedMain] org.hibernate.Version                    : HHH000412: Hibernate ORM core version 5.6.10.Final
2022-08-25 11:30:15.652  INFO 3848 --- [restartedMain] o.hibernate.annotations.common.Version   : HCANN000001: Hibernate Commons Annotations {5.1.2.Final}
2022-08-25 11:30:15.771  INFO 3848 --- [restartedMain] com.zaxxer.hikari.HikariDataSource       : HikariPool-1 - Starting...
2022-08-25 11:30:16.028  INFO 3848 --- [restartedMain] com.zaxxer.hikari.HikariDataSource       : HikariPool-1 - Start completed.
2022-08-25 11:30:16.038  INFO 3848 --- [restartedMain] org.hibernate.dialect.Dialect            : HHH000400: Using dialect: org.hibernate.dialect.MySQL5InnoDBDialect
2022-08-25 11:30:16.579  INFO 3848 --- [restartedMain] o.h.e.t.j.p.i.JtaPlatformInitiator       : HHH000490: Using JtaPlatform implementation: [org.hibernate.engine.transaction.jta.platform.internal.NoJtaPlatform]
2022-08-25 11:30:16.584  INFO 3848 --- [restartedMain] j.LocalContainerEntityManagerFactoryBean : Initialized JPA EntityManagerFactory for persistence unit 'default'
2022-08-25 11:30:18.497  INFO 3848 --- [restartedMain] o.s.b.d.a.OptionalLiveReloadServer       : LiveReload server is running on port 35729
2022-08-25 11:30:18.529  INFO 3848 --- [restartedMain] o.s.b.w.embedded.tomcat.TomcatWebServer  : Tomcat started on port(s): 8080 (http) with context path ''
2022-08-25 11:30:18.541  INFO 3848 --- [restartedMain] com.mb.BigBaketApplication               : Started BigBaketApplication in 5.441 seconds (JVM running for 6.171)
2022-08-25 11:34:59.712  INFO 3848 --- [http-nio-8080-exec-1] o.a.c.c.C.[Tomcat].[localhost].[/]       : Initializing Spring DispatcherServlet 'dispatcherServlet'
2022-08-25 11:34:59.713  INFO 3848 --- [http-nio-8080-exec-1] o.s.web.servlet.DispatcherServlet        : Initializing Servlet 'dispatcherServlet'
2022-08-25 11:34:59.716  INFO 3848 --- [http-nio-8080-exec-1] o.s.web.servlet.DispatcherServlet        : Completed initialization in 2 ms
2022-08-25 11:34:59.764  INFO 3848 --- [http-nio-8080-exec-1] com.mb.aspect.CentralLoggingHandler      :  Allowed execution for execution(ResponseEntity com.mb.controller.ProductController.findProducts())
2022-08-25 11:34:59.878 DEBUG 3848 --- [http-nio-8080-exec-1] org.hibernate.SQL                        : select product0_.id as id1_2_, product0_.created_by as created_2_2_, product0_.created_date as created_3_2_, product0_.last_modified_by as last_mod4_2_, product0_.last_modified_date as last_mod5_2_, product0_.category_id as category9_2_, product0_.image_url as image_ur6_2_, product0_.productname as productn7_2_, product0_.productprice as productp8_2_ from product_list product0_
2022-08-25 11:34:59.913 DEBUG 3848 --- [http-nio-8080-exec-1] org.hibernate.SQL                        : select category0_.id as id1_1_0_, category0_.name as name2_1_0_ from category category0_ where category0_.id=?
2022-08-25 11:34:59.917 TRACE 3848 --- [http-nio-8080-exec-1] o.h.type.descriptor.sql.BasicBinder      : binding parameter [1] as [BIGINT] - [1]
2022-08-25 11:34:59.927 DEBUG 3848 --- [http-nio-8080-exec-1] org.hibernate.SQL                        : select category0_.id as id1_1_0_, category0_.name as name2_1_0_ from category category0_ where category0_.id=?
2022-08-25 11:34:59.928 TRACE 3848 --- [http-nio-8080-exec-1] o.h.type.descriptor.sql.BasicBinder      : binding parameter [1] as [BIGINT] - [2]
2022-08-25 11:34:59.936  INFO 3848 --- [http-nio-8080-exec-1] com.mb.aspect.CentralLoggingHandler      : returned with value <200 OK OK,[Product [id=5, productname=Onion (Loose), productprice=27.14, imageUrl=https://www.bigbasket.com/media/uploads/p/s/10000148_30-fresho-onion.jpg, category=Category [id=1, name=fruits-vegetables]], Product [id=6, productname=Potato (Loose), productprice=30.14, imageUrl=https://www.bigbasket.com/media/uploads/p/s/40048457_9-fresho-potato-new-crop.jpg, category=Category [id=1, name=fruits-vegetables]], Product [id=7, productname=Tomato (Loose), productprice=20.4, imageUrl=https://www.bigbasket.com/media/uploads/p/s/10000200_17-fresho-tomato-hybrid.jpg, category=Category [id=1, name=fruits-vegetables]], Product [id=8, productname=Ladies Finger (Loose), productprice=29.09, imageUrl=https://www.bigbasket.com/media/uploads/p/s/10000142_16-fresho-ladies-finger.jpg, category=Category [id=1, name=fruits-vegetables]], Product [id=9, productname=Banana-Yelakki , productprice=116.0, imageUrl=https://www.bigbasket.com/media/uploads/p/s/10000031_21-fresho-banana-yelakki.jpg, category=Category [id=1, name=fruits-vegetables]], Product [id=12, productname=Frozen Green Peas, productprice=189.0, imageUrl=https://www.bigbasket.com/media/uploads/p/s/40163718_11-fresho-frozen-green-peas.jpg, category=Category [id=2, name=snacks-branded-foods]], Product [id=13, productname=Idly & Dosa Batter, productprice=78.0, imageUrl=https://www.bigbasket.com/media/uploads/p/s/271205_14-id-fresho-idly-dosa-batter.jpg, category=Category [id=2, name=snacks-branded-foods]], Product [id=14, productname=Masala Oats - Tasty Evening, productprice=355.0, imageUrl=https://www.bigbasket.com/media/uploads/p/mm/40134864_4-saffola-masala-oats-veggie-twist.jpg, category=Category [id=2, name=snacks-branded-foods]], Product [id=15, productname=100% Pure Honey, productprice=382.0, imageUrl=https://www.bigbasket.com/media/uploads/p/mm/202277_9-dabur-100-pure-honey-worlds-no1-honey-brand-with-no-sugar-adulteration.jpg, category=Category [id=2, name=snacks-branded-foods]], Product [id=16, productname=Corn Flakes With Real Almond, productprice=505.0, imageUrl=https://www.bigbasket.com/media/uploads/p/s/40092421_21-kelloggs-corn-flakes-with-real-almond-honey.jpg, category=Category [id=2, name=snacks-branded-foods]], Product [id=17, productname=abhishek, productprice=505.0, imageUrl=https://www.bigbasket.com/media/uploads/p/s/40092421_21-kelloggs-corn-flakes-with-real-almond-honey.jpg, category=Category [id=2, name=snacks-branded-foods]], Product [id=18, productname=abhishek, productprice=505.0, imageUrl=https://www.bigbasket.com/media/uploads/p/s/40092421_21-kelloggs-corn-flakes-with-real-almond-honey.jpg, category=Category [id=2, name=snacks-branded-foods]], Product [id=19, productname=abhishek, productprice=505.0, imageUrl=https://www.bigbasket.com/media/uploads/p/s/40092421_21-kelloggs-corn-flakes-with-real-almond-honey.jpg, category=Category [id=2, name=snacks-branded-foods]], Product [id=20, productname=abhishek, productprice=505.0, imageUrl=https://www.bigbasket.com/media/uploads/p/s/40092421_21-kelloggs-corn-flakes-with-real-almond-honey.jpg, category=Category [id=2, name=snacks-branded-foods]], Product [id=21, productname=abhishek, productprice=505.0, imageUrl=https://www.bigbasket.com/media/uploads/p/s/40092421_21-kelloggs-corn-flakes-with-real-almond-honey.jpg, category=Category [id=2, name=snacks-branded-foods]], Product [id=32, productname=null, productprice=0.0, imageUrl=null, category=Category [id=2, name=snacks-branded-foods]], Product [id=33, productname=abhishek, productprice=505.0, imageUrl=https://www.bigbasket.com/media/uploads/p/s/40092421_21-kelloggs-corn-flakes-with-real-almond-honey.jpg, category=Category [id=2, name=snacks-branded-foods]], Product [id=34, productname=null, productprice=0.0, imageUrl=null, category=Category [id=2, name=snacks-branded-foods]], Product [id=37, productname=abhishek, productprice=505.0, imageUrl=https://www.bigbasket.com/media/uploads/p/s/40092421_21-kelloggs-corn-flakes-with-real-almond-honey.jpg, category=Category [id=2, name=snacks-branded-foods]]],[]>
2022-08-25 11:34:59.937  INFO 3848 --- [http-nio-8080-exec-1] com.mb.aspect.CentralLoggingHandler      : after method execution(ResponseEntity com.mb.controller.ProductController.findProducts())
2022-08-25 11:35:00.015  INFO 3848 --- [http-nio-8080-exec-2] com.mb.aspect.CentralLoggingHandler      :  Allowed execution for execution(ResponseEntity com.mb.controller.ProductController.findProducts())
2022-08-25 11:35:00.018 DEBUG 3848 --- [http-nio-8080-exec-2] org.hibernate.SQL                        : select product0_.id as id1_2_, product0_.created_by as created_2_2_, product0_.created_date as created_3_2_, product0_.last_modified_by as last_mod4_2_, product0_.last_modified_date as last_mod5_2_, product0_.category_id as category9_2_, product0_.image_url as image_ur6_2_, product0_.productname as productn7_2_, product0_.productprice as productp8_2_ from product_list product0_
2022-08-25 11:35:00.025 DEBUG 3848 --- [http-nio-8080-exec-2] org.hibernate.SQL                        : select category0_.id as id1_1_0_, category0_.name as name2_1_0_ from category category0_ where category0_.id=?
2022-08-25 11:35:00.026 TRACE 3848 --- [http-nio-8080-exec-2] o.h.type.descriptor.sql.BasicBinder      : binding parameter [1] as [BIGINT] - [1]
2022-08-25 11:35:00.031 DEBUG 3848 --- [http-nio-8080-exec-2] org.hibernate.SQL                        : select category0_.id as id1_1_0_, category0_.name as name2_1_0_ from category category0_ where category0_.id=?
2022-08-25 11:35:00.032 TRACE 3848 --- [http-nio-8080-exec-2] o.h.type.descriptor.sql.BasicBinder      : binding parameter [1] as [BIGINT] - [2]
2022-08-25 11:35:00.037  INFO 3848 --- [http-nio-8080-exec-2] com.mb.aspect.CentralLoggingHandler      : returned with value <200 OK OK,[Product [id=5, productname=Onion (Loose), productprice=27.14, imageUrl=https://www.bigbasket.com/media/uploads/p/s/10000148_30-fresho-onion.jpg, category=Category [id=1, name=fruits-vegetables]], Product [id=6, productname=Potato (Loose), productprice=30.14, imageUrl=https://www.bigbasket.com/media/uploads/p/s/40048457_9-fresho-potato-new-crop.jpg, category=Category [id=1, name=fruits-vegetables]], Product [id=7, productname=Tomato (Loose), productprice=20.4, imageUrl=https://www.bigbasket.com/media/uploads/p/s/10000200_17-fresho-tomato-hybrid.jpg, category=Category [id=1, name=fruits-vegetables]], Product [id=8, productname=Ladies Finger (Loose), productprice=29.09, imageUrl=https://www.bigbasket.com/media/uploads/p/s/10000142_16-fresho-ladies-finger.jpg, category=Category [id=1, name=fruits-vegetables]], Product [id=9, productname=Banana-Yelakki , productprice=116.0, imageUrl=https://www.bigbasket.com/media/uploads/p/s/10000031_21-fresho-banana-yelakki.jpg, category=Category [id=1, name=fruits-vegetables]], Product [id=12, productname=Frozen Green Peas, productprice=189.0, imageUrl=https://www.bigbasket.com/media/uploads/p/s/40163718_11-fresho-frozen-green-peas.jpg, category=Category [id=2, name=snacks-branded-foods]], Product [id=13, productname=Idly & Dosa Batter, productprice=78.0, imageUrl=https://www.bigbasket.com/media/uploads/p/s/271205_14-id-fresho-idly-dosa-batter.jpg, category=Category [id=2, name=snacks-branded-foods]], Product [id=14, productname=Masala Oats - Tasty Evening, productprice=355.0, imageUrl=https://www.bigbasket.com/media/uploads/p/mm/40134864_4-saffola-masala-oats-veggie-twist.jpg, category=Category [id=2, name=snacks-branded-foods]], Product [id=15, productname=100% Pure Honey, productprice=382.0, imageUrl=https://www.bigbasket.com/media/uploads/p/mm/202277_9-dabur-100-pure-honey-worlds-no1-honey-brand-with-no-sugar-adulteration.jpg, category=Category [id=2, name=snacks-branded-foods]], Product [id=16, productname=Corn Flakes With Real Almond, productprice=505.0, imageUrl=https://www.bigbasket.com/media/uploads/p/s/40092421_21-kelloggs-corn-flakes-with-real-almond-honey.jpg, category=Category [id=2, name=snacks-branded-foods]], Product [id=17, productname=abhishek, productprice=505.0, imageUrl=https://www.bigbasket.com/media/uploads/p/s/40092421_21-kelloggs-corn-flakes-with-real-almond-honey.jpg, category=Category [id=2, name=snacks-branded-foods]], Product [id=18, productname=abhishek, productprice=505.0, imageUrl=https://www.bigbasket.com/media/uploads/p/s/40092421_21-kelloggs-corn-flakes-with-real-almond-honey.jpg, category=Category [id=2, name=snacks-branded-foods]], Product [id=19, productname=abhishek, productprice=505.0, imageUrl=https://www.bigbasket.com/media/uploads/p/s/40092421_21-kelloggs-corn-flakes-with-real-almond-honey.jpg, category=Category [id=2, name=snacks-branded-foods]], Product [id=20, productname=abhishek, productprice=505.0, imageUrl=https://www.bigbasket.com/media/uploads/p/s/40092421_21-kelloggs-corn-flakes-with-real-almond-honey.jpg, category=Category [id=2, name=snacks-branded-foods]], Product [id=21, productname=abhishek, productprice=505.0, imageUrl=https://www.bigbasket.com/media/uploads/p/s/40092421_21-kelloggs-corn-flakes-with-real-almond-honey.jpg, category=Category [id=2, name=snacks-branded-foods]], Product [id=32, productname=null, productprice=0.0, imageUrl=null, category=Category [id=2, name=snacks-branded-foods]], Product [id=33, productname=abhishek, productprice=505.0, imageUrl=https://www.bigbasket.com/media/uploads/p/s/40092421_21-kelloggs-corn-flakes-with-real-almond-honey.jpg, category=Category [id=2, name=snacks-branded-foods]], Product [id=34, productname=null, productprice=0.0, imageUrl=null, category=Category [id=2, name=snacks-branded-foods]], Product [id=37, productname=abhishek, productprice=505.0, imageUrl=https://www.bigbasket.com/media/uploads/p/s/40092421_21-kelloggs-corn-flakes-with-real-almond-honey.jpg, category=Category [id=2, name=snacks-branded-foods]]],[]>
2022-08-25 11:35:00.037  INFO 3848 --- [http-nio-8080-exec-2] com.mb.aspect.CentralLoggingHandler      : after method execution(ResponseEntity com.mb.controller.ProductController.findProducts())
2022-08-25 11:35:16.075  INFO 3848 --- [RMI TCP Connection(2)-127.0.0.1] inMXBeanRegistrar$SpringApplicationAdmin : Application shutdown requested.
2022-08-25 11:35:16.115  INFO 3848 --- [RMI TCP Connection(2)-127.0.0.1] j.LocalContainerEntityManagerFactoryBean : Closing JPA EntityManagerFactory for persistence unit 'default'
2022-08-25 11:35:16.120  INFO 3848 --- [RMI TCP Connection(2)-127.0.0.1] com.zaxxer.hikari.HikariDataSource       : HikariPool-1 - Shutdown initiated...
2022-08-25 11:35:16.144  INFO 3848 --- [RMI TCP Connection(2)-127.0.0.1] com.zaxxer.hikari.HikariDataSource       : HikariPool-1 - Shutdown completed.
2022-08-25 11:37:11.906  INFO 4476 --- [restartedMain] com.mb.BigBaketApplication               : Starting BigBaketApplication using Java 11.0.16 on mindbowser-Latitude-E7450 with PID 4476 (/home/mindbowser/Documents/workspace-sts-3.9.10.RELEASE/BigBaket/target/classes started by mindbowser in /home/mindbowser/Documents/workspace-sts-3.9.10.RELEASE/BigBaket)
2022-08-25 11:37:11.908  INFO 4476 --- [restartedMain] com.mb.BigBaketApplication               : No active profile set, falling back to 1 default profile: "default"
2022-08-25 11:37:11.954  INFO 4476 --- [restartedMain] .e.DevToolsPropertyDefaultsPostProcessor : Devtools property defaults active! Set 'spring.devtools.add-properties' to 'false' to disable
2022-08-25 11:37:11.954  INFO 4476 --- [restartedMain] .e.DevToolsPropertyDefaultsPostProcessor : For additional web related logging consider setting the 'logging.level.web' property to 'DEBUG'
2022-08-25 11:37:12.628  INFO 4476 --- [restartedMain] .s.d.r.c.RepositoryConfigurationDelegate : Bootstrapping Spring Data JPA repositories in DEFAULT mode.
2022-08-25 11:37:12.669  INFO 4476 --- [restartedMain] .s.d.r.c.RepositoryConfigurationDelegate : Finished Spring Data repository scanning in 36 ms. Found 3 JPA repository interfaces.
2022-08-25 11:37:13.267  INFO 4476 --- [restartedMain] o.s.b.w.embedded.tomcat.TomcatWebServer  : Tomcat initialized with port(s): 8080 (http)
2022-08-25 11:37:13.273  INFO 4476 --- [restartedMain] o.apache.catalina.core.StandardService   : Starting service [Tomcat]
2022-08-25 11:37:13.273  INFO 4476 --- [restartedMain] org.apache.catalina.core.StandardEngine  : Starting Servlet engine: [Apache Tomcat/9.0.65]
2022-08-25 11:37:13.320  INFO 4476 --- [restartedMain] o.a.c.c.C.[Tomcat].[localhost].[/]       : Initializing Spring embedded WebApplicationContext
2022-08-25 11:37:13.320  INFO 4476 --- [restartedMain] w.s.c.ServletWebServerApplicationContext : Root WebApplicationContext: initialization completed in 1358 ms
2022-08-25 11:37:13.488  INFO 4476 --- [restartedMain] o.hibernate.jpa.internal.util.LogHelper  : HHH000204: Processing PersistenceUnitInfo [name: default]
2022-08-25 11:37:13.517  INFO 4476 --- [restartedMain] org.hibernate.Version                    : HHH000412: Hibernate ORM core version 5.6.10.Final
2022-08-25 11:37:13.627  INFO 4476 --- [restartedMain] o.hibernate.annotations.common.Version   : HCANN000001: Hibernate Commons Annotations {5.1.2.Final}
2022-08-25 11:37:13.692  INFO 4476 --- [restartedMain] com.zaxxer.hikari.HikariDataSource       : HikariPool-1 - Starting...
2022-08-25 11:37:13.910  INFO 4476 --- [restartedMain] com.zaxxer.hikari.HikariDataSource       : HikariPool-1 - Start completed.
2022-08-25 11:37:13.918  INFO 4476 --- [restartedMain] org.hibernate.dialect.Dialect            : HHH000400: Using dialect: org.hibernate.dialect.MySQL5InnoDBDialect
2022-08-25 11:37:14.410  INFO 4476 --- [restartedMain] o.h.e.t.j.p.i.JtaPlatformInitiator       : HHH000490: Using JtaPlatform implementation: [org.hibernate.engine.transaction.jta.platform.internal.NoJtaPlatform]
2022-08-25 11:37:14.415  INFO 4476 --- [restartedMain] j.LocalContainerEntityManagerFactoryBean : Initialized JPA EntityManagerFactory for persistence unit 'default'
2022-08-25 11:37:16.228  INFO 4476 --- [restartedMain] o.s.b.d.a.OptionalLiveReloadServer       : LiveReload server is running on port 35729
2022-08-25 11:37:16.262  INFO 4476 --- [restartedMain] o.s.b.w.embedded.tomcat.TomcatWebServer  : Tomcat started on port(s): 8080 (http) with context path ''
2022-08-25 11:37:16.273  INFO 4476 --- [restartedMain] com.mb.BigBaketApplication               : Started BigBaketApplication in 4.69 seconds (JVM running for 5.44)
2022-08-25 11:38:09.452  INFO 4476 --- [RMI TCP Connection(2)-127.0.0.1] inMXBeanRegistrar$SpringApplicationAdmin : Application shutdown requested.
2022-08-25 11:38:09.468  INFO 4476 --- [RMI TCP Connection(2)-127.0.0.1] j.LocalContainerEntityManagerFactoryBean : Closing JPA EntityManagerFactory for persistence unit 'default'
2022-08-25 11:38:09.470  INFO 4476 --- [RMI TCP Connection(2)-127.0.0.1] com.zaxxer.hikari.HikariDataSource       : HikariPool-1 - Shutdown initiated...
2022-08-25 11:38:09.479  INFO 4476 --- [RMI TCP Connection(2)-127.0.0.1] com.zaxxer.hikari.HikariDataSource       : HikariPool-1 - Shutdown completed.
2022-08-25 11:38:19.985  INFO 4599 --- [restartedMain] com.mb.BigBaketApplication               : Starting BigBaketApplication using Java 11.0.16 on mindbowser-Latitude-E7450 with PID 4599 (/home/mindbowser/Documents/workspace-sts-3.9.10.RELEASE/BigBaket/target/classes started by mindbowser in /home/mindbowser/Documents/workspace-sts-3.9.10.RELEASE/BigBaket)
2022-08-25 11:38:19.987  INFO 4599 --- [restartedMain] com.mb.BigBaketApplication               : No active profile set, falling back to 1 default profile: "default"
2022-08-25 11:38:20.031  INFO 4599 --- [restartedMain] .e.DevToolsPropertyDefaultsPostProcessor : Devtools property defaults active! Set 'spring.devtools.add-properties' to 'false' to disable
2022-08-25 11:38:20.031  INFO 4599 --- [restartedMain] .e.DevToolsPropertyDefaultsPostProcessor : For additional web related logging consider setting the 'logging.level.web' property to 'DEBUG'
2022-08-25 11:38:20.748  INFO 4599 --- [restartedMain] .s.d.r.c.RepositoryConfigurationDelegate : Bootstrapping Spring Data JPA repositories in DEFAULT mode.
2022-08-25 11:38:20.789  INFO 4599 --- [restartedMain] .s.d.r.c.RepositoryConfigurationDelegate : Finished Spring Data repository scanning in 35 ms. Found 3 JPA repository interfaces.
2022-08-25 11:38:21.421  INFO 4599 --- [restartedMain] o.s.b.w.embedded.tomcat.TomcatWebServer  : Tomcat initialized with port(s): 8080 (http)
2022-08-25 11:38:21.428  INFO 4599 --- [restartedMain] o.apache.catalina.core.StandardService   : Starting service [Tomcat]
2022-08-25 11:38:21.428  INFO 4599 --- [restartedMain] org.apache.catalina.core.StandardEngine  : Starting Servlet engine: [Apache Tomcat/9.0.65]
2022-08-25 11:38:21.473  INFO 4599 --- [restartedMain] o.a.c.c.C.[Tomcat].[localhost].[/]       : Initializing Spring embedded WebApplicationContext
2022-08-25 11:38:21.473  INFO 4599 --- [restartedMain] w.s.c.ServletWebServerApplicationContext : Root WebApplicationContext: initialization completed in 1441 ms
2022-08-25 11:38:21.645  INFO 4599 --- [restartedMain] o.hibernate.jpa.internal.util.LogHelper  : HHH000204: Processing PersistenceUnitInfo [name: default]
2022-08-25 11:38:21.675  INFO 4599 --- [restartedMain] org.hibernate.Version                    : HHH000412: Hibernate ORM core version 5.6.10.Final
2022-08-25 11:38:21.763  INFO 4599 --- [restartedMain] o.hibernate.annotations.common.Version   : HCANN000001: Hibernate Commons Annotations {5.1.2.Final}
2022-08-25 11:38:21.871  INFO 4599 --- [restartedMain] com.zaxxer.hikari.HikariDataSource       : HikariPool-1 - Starting...
2022-08-25 11:38:22.090  INFO 4599 --- [restartedMain] com.zaxxer.hikari.HikariDataSource       : HikariPool-1 - Start completed.
2022-08-25 11:38:22.098  INFO 4599 --- [restartedMain] org.hibernate.dialect.Dialect            : HHH000400: Using dialect: org.hibernate.dialect.MySQL5InnoDBDialect
2022-08-25 11:38:22.598  INFO 4599 --- [restartedMain] o.h.e.t.j.p.i.JtaPlatformInitiator       : HHH000490: Using JtaPlatform implementation: [org.hibernate.engine.transaction.jta.platform.internal.NoJtaPlatform]
2022-08-25 11:38:22.604  INFO 4599 --- [restartedMain] j.LocalContainerEntityManagerFactoryBean : Initialized JPA EntityManagerFactory for persistence unit 'default'
2022-08-25 11:38:24.468  INFO 4599 --- [restartedMain] o.s.b.d.a.OptionalLiveReloadServer       : LiveReload server is running on port 35729
2022-08-25 11:38:24.499  INFO 4599 --- [restartedMain] o.s.b.w.embedded.tomcat.TomcatWebServer  : Tomcat started on port(s): 8080 (http) with context path ''
2022-08-25 11:38:24.511  INFO 4599 --- [restartedMain] com.mb.BigBaketApplication               : Started BigBaketApplication in 4.852 seconds (JVM running for 5.428)
